<?xml version="1.0" encoding="UTF-8"?>
<testsuite xmlns:xsi="http://www.w3.org/2001/XMLSchema-instance" xsi:noNamespaceSchemaLocation="https://maven.apache.org/surefire/maven-surefire-plugin/xsd/surefire-test-report-3.0.xsd" version="3.0" name="com.upi.gateway.ApiGatewayApplicationTest" time="15.926" tests="1" errors="0" skipped="0" failures="0">
  <properties>
[...]
</properties>
  <testcase name="contextLoads" classname="com.upi.gateway.ApiGatewayApplicationTest" time="2.09">
    <system-out><![CDATA[16:27:58.322 [main] INFO org.springframework.test.context.support.AnnotationConfigContextLoaderUtils -- Could not detect default configuration classes for test class [com.upi.gateway.ApiGatewayApplicationTest]: ApiGatewayApplicationTest does not declare any static, non-private, non-final, nested classes annotated with @Configuration.
16:27:58.518 [main] INFO org.springframework.boot.test.context.SpringBootTestContextBootstrapper -- Found @SpringBootConfiguration com.upi.gateway.ApiGatewayApplication for test class com.upi.gateway.ApiGatewayApplicationTest

  .   ____          _            __ _ _
 /\\ / ___'_ __ _ _(_)_ __  __ _ \ \ \ \
( ( )\___ | '_ | '_| | '_ \/ _` | \ \ \ \
 \\/  ___)| |_)| | | | | || (_| |  ) ) ) )
  '  |____| .__|_| |_|_| |_\__, | / / / /
 =========|_|==============|___/=/_/_/_/
 :: Spring Boot ::                (v3.1.5)

2025-10-29T16:27:59.619+05:30  INFO 24052 --- [           main] c.upi.gateway.ApiGatewayApplicationTest  : Starting ApiGatewayApplicationTest using Java 21.0.8 with PID 24052 (started by ABHI in D:\Full stack upi\api-gateway)
2025-10-29T16:27:59.621+05:30 DEBUG 24052 --- [           main] c.upi.gateway.ApiGatewayApplicationTest  : Running with Spring Boot v3.1.5, Spring v6.0.13
2025-10-29T16:27:59.623+05:30  INFO 24052 --- [           main] c.upi.gateway.ApiGatewayApplicationTest  : No active profile set, falling back to 1 default profile: "default"
2025-10-29T16:28:04.450+05:30  INFO 24052 --- [           main] o.s.cloud.context.scope.GenericScope     : BeanFactory id=04554760-c61a-30d8-8abf-1422b357c29d
2025-10-29T16:28:04.844+05:30  INFO 24052 --- [           main] trationDelegate$BeanPostProcessorChecker : Bean 'org.springframework.cloud.client.loadbalancer.reactive.LoadBalancerBeanPostProcessorAutoConfiguration' of type [org.springframework.cloud.client.loadbalancer.reactive.LoadBalancerBeanPostProcessorAutoConfiguration] is not eligible for getting processed by all BeanPostProcessors (for example: not eligible for auto-proxying)
2025-10-29T16:28:04.849+05:30  INFO 24052 --- [           main] trationDelegate$BeanPostProcessorChecker : Bean 'org.springframework.cloud.client.loadbalancer.reactive.LoadBalancerBeanPostProcessorAutoConfiguration$ReactorDeferringLoadBalancerFilterConfig' of type [org.springframework.cloud.client.loadbalancer.reactive.LoadBalancerBeanPostProcessorAutoConfiguration$ReactorDeferringLoadBalancerFilterConfig] is not eligible for getting processed by all BeanPostProcessors (for example: not eligible for auto-proxying)
2025-10-29T16:28:04.856+05:30  INFO 24052 --- [           main] trationDelegate$BeanPostProcessorChecker : Bean 'reactorDeferringLoadBalancerExchangeFilterFunction' of type [org.springframework.cloud.client.loadbalancer.reactive.DeferringLoadBalancerExchangeFilterFunction] is not eligible for getting processed by all BeanPostProcessors (for example: not eligible for auto-proxying)
2025-10-29T16:28:07.548+05:30 DEBUG 24052 --- [           main] o.s.c.gateway.config.GatewayProperties   : Routes supplied from Gateway Properties: [RouteDefinition{id='account-service', predicates=[PredicateDefinition{name='Path', args={_genkey_0=/api/accounts/**}}], filters=[FilterDefinition{name='CircuitBreaker', args={name=account-service-cb, fallbackUri=forward:/fallback/account-service}}], uri=lb://account-service, order=0, metadata={}}, RouteDefinition{id='transaction-service', predicates=[PredicateDefinition{name='Path', args={_genkey_0=/api/transactions/**}}], filters=[FilterDefinition{name='CircuitBreaker', args={name=transaction-service-cb, fallbackUri=forward:/fallback/transaction-service}}], uri=lb://transaction-service, order=0, metadata={}}, RouteDefinition{id='user-service', predicates=[PredicateDefinition{name='Path', args={_genkey_0=/api/users/**}}], filters=[FilterDefinition{name='CircuitBreaker', args={name=user-service-cb, fallbackUri=forward:/fallback/user-service}}], uri=lb://user-service, order=0, metadata={}}]
2025-10-29T16:28:08.422+05:30  INFO 24052 --- [           main] o.s.c.g.r.RouteDefinitionRouteLocator    : Loaded RoutePredicateFactory [After]
2025-10-29T16:28:08.423+05:30  INFO 24052 --- [           main] o.s.c.g.r.RouteDefinitionRouteLocator    : Loaded RoutePredicateFactory [Before]
2025-10-29T16:28:08.423+05:30  INFO 24052 --- [           main] o.s.c.g.r.RouteDefinitionRouteLocator    : Loaded RoutePredicateFactory [Between]
2025-10-29T16:28:08.423+05:30  INFO 24052 --- [           main] o.s.c.g.r.RouteDefinitionRouteLocator    : Loaded RoutePredicateFactory [Cookie]
2025-10-29T16:28:08.423+05:30  INFO 24052 --- [           main] o.s.c.g.r.RouteDefinitionRouteLocator    : Loaded RoutePredicateFactory [Header]
2025-10-29T16:28:08.423+05:30  INFO 24052 --- [           main] o.s.c.g.r.RouteDefinitionRouteLocator    : Loaded RoutePredicateFactory [Host]
2025-10-29T16:28:08.424+05:30  INFO 24052 --- [           main] o.s.c.g.r.RouteDefinitionRouteLocator    : Loaded RoutePredicateFactory [Method]
2025-10-29T16:28:08.424+05:30  INFO 24052 --- [           main] o.s.c.g.r.RouteDefinitionRouteLocator    : Loaded RoutePredicateFactory [Path]
2025-10-29T16:28:08.424+05:30  INFO 24052 --- [           main] o.s.c.g.r.RouteDefinitionRouteLocator    : Loaded RoutePredicateFactory [Query]
2025-10-29T16:28:08.424+05:30  INFO 24052 --- [           main] o.s.c.g.r.RouteDefinitionRouteLocator    : Loaded RoutePredicateFactory [ReadBody]
2025-10-29T16:28:08.424+05:30  INFO 24052 --- [           main] o.s.c.g.r.RouteDefinitionRouteLocator    : Loaded RoutePredicateFactory [RemoteAddr]
2025-10-29T16:28:08.425+05:30  INFO 24052 --- [           main] o.s.c.g.r.RouteDefinitionRouteLocator    : Loaded RoutePredicateFactory [XForwardedRemoteAddr]
2025-10-29T16:28:08.425+05:30  INFO 24052 --- [           main] o.s.c.g.r.RouteDefinitionRouteLocator    : Loaded RoutePredicateFactory [Weight]
2025-10-29T16:28:08.425+05:30  INFO 24052 --- [           main] o.s.c.g.r.RouteDefinitionRouteLocator    : Loaded RoutePredicateFactory [CloudFoundryRouteService]
2025-10-29T16:28:08.913+05:30 DEBUG 24052 --- [           main] s.w.r.r.m.a.RequestMappingHandlerMapping : 4 mappings in 'requestMappingHandlerMapping'
2025-10-29T16:28:08.997+05:30 DEBUG 24052 --- [           main] o.s.w.r.handler.SimpleUrlHandlerMapping  : Patterns [/webjars/**, /**] in 'resourceHandlerMapping'
2025-10-29T16:28:09.520+05:30  INFO 24052 --- [           main] o.s.b.a.e.web.EndpointLinksResolver      : Exposing 2 endpoint(s) beneath base path '/actuator'
2025-10-29T16:28:09.672+05:30 DEBUG 24052 --- [           main] o.s.w.r.r.m.a.ControllerMethodResolver   : ControllerAdvice beans: none
2025-10-29T16:28:09.892+05:30 DEBUG 24052 --- [           main] o.s.w.s.adapter.HttpWebHandlerAdapter    : enableLoggingRequestDetails='false': form data and headers will be masked to prevent unsafe logging of potentially sensitive data
2025-10-29T16:28:10.723+05:30  INFO 24052 --- [           main] DiscoveryClientOptionalArgsConfiguration : Eureka HTTP Client uses RestTemplate.
2025-10-29T16:28:10.881+05:30  WARN 24052 --- [           main] iguration$LoadBalancerCaffeineWarnLogger : Spring Cloud LoadBalancer is currently working with the default cache. While this cache implementation is useful for development and tests, it's recommended to use Caffeine cache in production.You can switch to using Caffeine cache, by adding it and org.springframework.cache.caffeine.CaffeineCacheManager to the classpath.
2025-10-29T16:28:11.382+05:30 DEBUG 24052 --- [           main] o.s.c.g.r.RouteDefinitionRouteLocator    : RouteDefinition account-service applying {_genkey_0=/api/accounts/**} to Path
2025-10-29T16:28:11.474+05:30 DEBUG 24052 --- [           main] o.s.c.g.r.RouteDefinitionRouteLocator    : RouteDefinition account-service applying filter {retries=3, statuses=BAD_GATEWAY,INTERNAL_SERVER_ERROR, methods=GET,POST,PUT,DELETE} to Retry
2025-10-29T16:28:11.572+05:30 DEBUG 24052 --- [           main] o.s.c.g.r.RouteDefinitionRouteLocator    : RouteDefinition account-service applying filter {_genkey_0=X-Gateway-Request-Id, _genkey_1=9c30da1e-7d99-4546-8520-60753bc7691b} to AddRequestHeader
2025-10-29T16:28:11.597+05:30 DEBUG 24052 --- [           main] o.s.c.g.r.RouteDefinitionRouteLocator    : RouteDefinition account-service applying filter {_genkey_0=X-Gateway-Response-Time, _genkey_1=${T(java.lang.System).currentTimeMillis()}} to AddResponseHeader
2025-10-29T16:28:11.600+05:30 DEBUG 24052 --- [           main] o.s.c.g.r.RouteDefinitionRouteLocator    : RouteDefinition account-service applying filter {name=account-service-cb, fallbackUri=forward:/fallback/account-service} to CircuitBreaker
2025-10-29T16:28:11.642+05:30 DEBUG 24052 --- [           main] o.s.c.g.r.RouteDefinitionRouteLocator    : RouteDefinition matched: account-service
2025-10-29T16:28:11.643+05:30 DEBUG 24052 --- [           main] o.s.c.g.r.RouteDefinitionRouteLocator    : RouteDefinition transaction-service applying {_genkey_0=/api/transactions/**} to Path
2025-10-29T16:28:11.648+05:30 DEBUG 24052 --- [           main] o.s.c.g.r.RouteDefinitionRouteLocator    : RouteDefinition transaction-service applying filter {retries=3, statuses=BAD_GATEWAY,INTERNAL_SERVER_ERROR, methods=GET,POST,PUT,DELETE} to Retry
2025-10-29T16:28:11.653+05:30 DEBUG 24052 --- [           main] o.s.c.g.r.RouteDefinitionRouteLocator    : RouteDefinition transaction-service applying filter {_genkey_0=X-Gateway-Request-Id, _genkey_1=9c30da1e-7d99-4546-8520-60753bc7691b} to AddRequestHeader
2025-10-29T16:28:11.657+05:30 DEBUG 24052 --- [           main] o.s.c.g.r.RouteDefinitionRouteLocator    : RouteDefinition transaction-service applying filter {_genkey_0=X-Gateway-Response-Time, _genkey_1=${T(java.lang.System).currentTimeMillis()}} to AddResponseHeader
2025-10-29T16:28:11.661+05:30 DEBUG 24052 --- [           main] o.s.c.g.r.RouteDefinitionRouteLocator    : RouteDefinition transaction-service applying filter {name=transaction-service-cb, fallbackUri=forward:/fallback/transaction-service} to CircuitBreaker
2025-10-29T16:28:11.669+05:30 DEBUG 24052 --- [           main] o.s.c.g.r.RouteDefinitionRouteLocator    : RouteDefinition matched: transaction-service
2025-10-29T16:28:11.670+05:30 DEBUG 24052 --- [           main] o.s.c.g.r.RouteDefinitionRouteLocator    : RouteDefinition user-service applying {_genkey_0=/api/users/**} to Path
2025-10-29T16:28:11.676+05:30 DEBUG 24052 --- [           main] o.s.c.g.r.RouteDefinitionRouteLocator    : RouteDefinition user-service applying filter {retries=3, statuses=BAD_GATEWAY,INTERNAL_SERVER_ERROR, methods=GET,POST,PUT,DELETE} to Retry
2025-10-29T16:28:11.685+05:30 DEBUG 24052 --- [           main] o.s.c.g.r.RouteDefinitionRouteLocator    : RouteDefinition user-service applying filter {_genkey_0=X-Gateway-Request-Id, _genkey_1=9c30da1e-7d99-4546-8520-60753bc7691b} to AddRequestHeader
2025-10-29T16:28:11.691+05:30 DEBUG 24052 --- [           main] o.s.c.g.r.RouteDefinitionRouteLocator    : RouteDefinition user-service applying filter {_genkey_0=X-Gateway-Response-Time, _genkey_1=${T(java.lang.System).currentTimeMillis()}} to AddResponseHeader
2025-10-29T16:28:11.695+05:30 DEBUG 24052 --- [           main] o.s.c.g.r.RouteDefinitionRouteLocator    : RouteDefinition user-service applying filter {name=user-service-cb, fallbackUri=forward:/fallback/user-service} to CircuitBreaker
2025-10-29T16:28:11.700+05:30 DEBUG 24052 --- [           main] o.s.c.g.r.RouteDefinitionRouteLocator    : RouteDefinition matched: user-service
2025-10-29T16:28:11.733+05:30 DEBUG 24052 --- [           main] o.s.c.g.filter.GatewayMetricsFilter      : New routes count: 3
2025-10-29T16:28:11.752+05:30  INFO 24052 --- [           main] c.upi.gateway.ApiGatewayApplicationTest  : Started ApiGatewayApplicationTest in 13.003 seconds (process running for 14.942)
]]></system-out>
    <system-err><![CDATA[WARNING: A Java agent has been loaded dynamically (C:\Users\ABHI\.m2\repository\net\bytebuddy\byte-buddy-agent\1.14.9\byte-buddy-agent-1.14.9.jar)
WARNING: If a serviceability tool is in use, please run with -XX:+EnableDynamicAgentLoading to hide this warning
WARNING: If a serviceability tool is not in use, please run with -Djdk.instrument.traceUsage for more information
WARNING: Dynamic loading of agents will be disallowed by default in a future release
]]></system-err>
  </testcase>
</testsuite>