<?xml version="1.0" encoding="UTF-8"?>
<testsuite xmlns:xsi="http://www.w3.org/2001/XMLSchema-instance" xsi:noNamespaceSchemaLocation="https://maven.apache.org/surefire/maven-surefire-plugin/xsd/surefire-test-report-3.0.xsd" version="3.0" name="com.upi.eureka.EurekaServerApplicationTest" time="18.029" tests="1" errors="0" skipped="0" failures="0">
  <properties>
[...]
</properties>
  <testcase name="contextLoads" classname="com.upi.eureka.EurekaServerApplicationTest" time="2.266">
    <system-out><![CDATA[15:53:51.773 [main] INFO org.springframework.test.context.support.AnnotationConfigContextLoaderUtils -- Could not detect default configuration classes for test class [com.upi.eureka.EurekaServerApplicationTest]: EurekaServerApplicationTest does not declare any static, non-private, non-final, nested classes annotated with @Configuration.
15:53:52.048 [main] INFO org.springframework.boot.test.context.SpringBootTestContextBootstrapper -- Found @SpringBootConfiguration com.upi.eureka.EurekaServerApplication for test class com.upi.eureka.EurekaServerApplicationTest

  .   ____          _            __ _ _
 /\\ / ___'_ __ _ _(_)_ __  __ _ \ \ \ \
( ( )\___ | '_ | '_| | '_ \/ _` | \ \ \ \
 \\/  ___)| |_)| | | | | || (_| |  ) ) ) )
  '  |____| .__|_| |_|_| |_\__, | / / / /
 =========|_|==============|___/=/_/_/_/
 :: Spring Boot ::                (v3.1.5)

2025-10-29T15:53:53.580+05:30  INFO 15648 --- [           main] c.u.eureka.EurekaServerApplicationTest   : Starting EurekaServerApplicationTest using Java 21.0.8 with PID 15648 (started by ABHI in D:\Full stack upi\eureka-server)
2025-10-29T15:53:53.583+05:30  INFO 15648 --- [           main] c.u.eureka.EurekaServerApplicationTest   : No active profile set, falling back to 1 default profile: "default"
2025-10-29T15:53:57.462+05:30  INFO 15648 --- [           main] o.s.cloud.context.scope.GenericScope     : BeanFactory id=658a9fa3-cab4-34cc-bb80-c31143560392
2025-10-29T15:54:04.053+05:30  WARN 15648 --- [           main] iguration$LoadBalancerCaffeineWarnLogger : Spring Cloud LoadBalancer is currently working with the default cache. While this cache implementation is useful for development and tests, it's recommended to use Caffeine cache in production.You can switch to using Caffeine cache, by adding it and org.springframework.cache.caffeine.CaffeineCacheManager to the classpath.
2025-10-29T15:54:05.260+05:30  INFO 15648 --- [           main] o.s.c.n.eureka.InstanceInfoFactory       : Setting initial instance status as: STARTING
2025-10-29T15:54:06.640+05:30  INFO 15648 --- [           main] o.s.b.a.e.web.EndpointLinksResolver      : Exposing 1 endpoint(s) beneath base path '/actuator'
2025-10-29T15:54:06.818+05:30  INFO 15648 --- [           main] o.s.c.n.e.s.EurekaServiceRegistry        : Registering application EUREKA-SERVER with eureka with status UP
2025-10-29T15:54:06.862+05:30  INFO 15648 --- [      Thread-10] o.s.c.n.e.server.EurekaServerBootstrap   : isAws returned false
2025-10-29T15:54:06.866+05:30  INFO 15648 --- [      Thread-10] o.s.c.n.e.server.EurekaServerBootstrap   : Initialized server context
2025-10-29T15:54:06.872+05:30  INFO 15648 --- [           main] c.u.eureka.EurekaServerApplicationTest   : Started EurekaServerApplicationTest in 14.477 seconds (process running for 16.807)
2025-10-29T15:54:06.901+05:30  INFO 15648 --- [      Thread-10] e.s.EurekaServerInitializerConfiguration : Started Eureka Server
]]></system-out>
    <system-err><![CDATA[WARNING: A Java agent has been loaded dynamically (C:\Users\ABHI\.m2\repository\net\bytebuddy\byte-buddy-agent\1.14.9\byte-buddy-agent-1.14.9.jar)
WARNING: If a serviceability tool is in use, please run with -XX:+EnableDynamicAgentLoading to hide this warning
WARNING: If a serviceability tool is not in use, please run with -Djdk.instrument.traceUsage for more information
WARNING: Dynamic loading of agents will be disallowed by default in a future release
]]></system-err>
  </testcase>
</testsuite>